This is pdfTeX, Version 3.14159265-2.6-1.40.18 (MiKTeX 2.9.6300 64-bit) (preloaded format=pdflatex 2017.4.18)  19 APR 2017 00:02
entering extended mode
**./at.tex
(at.tex
LaTeX2e <2017-04-15>
Babel <3.9r> and hyphenation patterns for 75 language(s) loaded.
("C:\Program Files\MiKTeX 2.9\tex\latex\base\report.cls"
Document Class: report 2014/09/29 v1.4h Standard LaTeX document class
("C:\Program Files\MiKTeX 2.9\tex\latex\base\size11.clo"
File: size11.clo 2014/09/29 v1.4h Standard LaTeX file (size option)
)
\c@part=\count79
\c@chapter=\count80
\c@section=\count81
\c@subsection=\count82
\c@subsubsection=\count83
\c@paragraph=\count84
\c@subparagraph=\count85
\c@figure=\count86
\c@table=\count87
\abovecaptionskip=\skip41
\belowcaptionskip=\skip42
\bibindent=\dimen102
)
(C:\Users\Javier\AppData\Roaming\MiKTeX\2.9\tex\latex\biblatex\biblatex.sty
Package: biblatex 2016/12/05 v3.7 programmable bibliographies (PK/JW/AB)

("C:\Program Files\MiKTeX 2.9\tex\generic\oberdiek\pdftexcmds.sty"
Package: pdftexcmds 2017/03/19 v0.25 Utility functions of pdfTeX for LuaTeX (HO
)

("C:\Program Files\MiKTeX 2.9\tex\generic\oberdiek\infwarerr.sty"
Package: infwarerr 2016/05/16 v1.4 Providing info/warning/error messages (HO)
)
("C:\Program Files\MiKTeX 2.9\tex\generic\oberdiek\ifluatex.sty"
Package: ifluatex 2016/05/16 v1.4 Provides the ifluatex switch (HO)
Package ifluatex Info: LuaTeX not detected.
)
("C:\Program Files\MiKTeX 2.9\tex\generic\oberdiek\ltxcmds.sty"
Package: ltxcmds 2016/05/16 v1.23 LaTeX kernel commands for general use (HO)
)
("C:\Program Files\MiKTeX 2.9\tex\generic\oberdiek\ifpdf.sty"
Package: ifpdf 2017/03/15 v3.2 Provides the ifpdf switch
)
Package pdftexcmds Info: LuaTeX not detected.
Package pdftexcmds Info: \pdf@primitive is available.
Package pdftexcmds Info: \pdf@ifprimitive is available.
Package pdftexcmds Info: \pdfdraftmode found.
)
(C:\Users\Javier\AppData\Roaming\MiKTeX\2.9\tex\latex\etoolbox\etoolbox.sty
Package: etoolbox 2017/01/02 v2.4 e-TeX tools for LaTeX (JAW)
\etb@tempcnta=\count88
)
("C:\Program Files\MiKTeX 2.9\tex\latex\graphics\keyval.sty"
Package: keyval 2014/10/28 v1.15 key=value parser (DPC)
\KV@toks@=\toks14
)
("C:\Program Files\MiKTeX 2.9\tex\latex\oberdiek\kvoptions.sty"
Package: kvoptions 2016/05/16 v3.12 Key value format for package options (HO)

("C:\Program Files\MiKTeX 2.9\tex\generic\oberdiek\kvsetkeys.sty"
Package: kvsetkeys 2016/05/16 v1.17 Key value parser (HO)

("C:\Program Files\MiKTeX 2.9\tex\generic\oberdiek\etexcmds.sty"
Package: etexcmds 2016/05/16 v1.6 Avoid name clashes with e-TeX commands (HO)
Package etexcmds Info: Could not find \expanded.
(etexcmds)             That can mean that you are not using pdfTeX 1.50 or
(etexcmds)             that some package has redefined \expanded.
(etexcmds)             In the latter case, load this package earlier.
)))
(C:\Users\Javier\AppData\Roaming\MiKTeX\2.9\tex\latex\logreq\logreq.sty
Package: logreq 2010/08/04 v1.0 xml request logger
\lrq@indent=\count89

(C:\Users\Javier\AppData\Roaming\MiKTeX\2.9\tex\latex\logreq\logreq.def
File: logreq.def 2010/08/04 v1.0 logreq spec v1.0
))
("C:\Program Files\MiKTeX 2.9\tex\latex\base\ifthen.sty"
Package: ifthen 2014/09/29 v1.1c Standard LaTeX ifthen package (DPC)
)
(C:\Users\Javier\AppData\Roaming\MiKTeX\2.9\tex\latex\url\url.sty
\Urlmuskip=\muskip10
Package: url 2013/09/16  ver 3.4  Verb mode for urls, etc.
)
(C:\Users\Javier\AppData\Roaming\MiKTeX\2.9\tex\latex\xstring\xstring.sty
(C:\Users\Javier\AppData\Roaming\MiKTeX\2.9\tex\generic\xstring\xstring.tex
\@xs@message=\write3
\integerpart=\count90
\decimalpart=\count91
)
Package: xstring 2013/10/13  v1.7c  String manipulations (C Tellechea)
)
\c@tabx@nest=\count92
\c@listtotal=\count93
\c@listcount=\count94
\c@liststart=\count95
\c@liststop=\count96
\c@citecount=\count97
\c@citetotal=\count98
\c@multicitecount=\count99
\c@multicitetotal=\count100
\c@instcount=\count101
\c@maxnames=\count102
\c@minnames=\count103
\c@maxitems=\count104
\c@minitems=\count105
\c@citecounter=\count106
\c@savedcitecounter=\count107
\c@uniquelist=\count108
\c@uniquename=\count109
\c@refsection=\count110
\c@refsegment=\count111
\c@maxextratitle=\count112
\c@maxextratitleyear=\count113
\c@maxextrayear=\count114
\c@maxextraalpha=\count115
\c@abbrvpenalty=\count116
\c@highnamepenalty=\count117
\c@lownamepenalty=\count118
\c@maxparens=\count119
\c@parenlevel=\count120
\blx@tempcnta=\count121
\blx@tempcntb=\count122
\blx@tempcntc=\count123
\blx@maxsection=\count124
\blx@maxsegment@0=\count125
\blx@notetype=\count126
\blx@parenlevel@text=\count127
\blx@parenlevel@foot=\count128
\blx@sectionciteorder@0=\count129
\labelnumberwidth=\skip43
\labelalphawidth=\skip44
\biblabelsep=\skip45
\bibitemsep=\skip46
\bibnamesep=\skip47
\bibinitsep=\skip48
\bibparsep=\skip49
\bibhang=\skip50
\blx@bcfin=\read1
\blx@bcfout=\write4
\c@mincomprange=\count130
\c@maxcomprange=\count131
\c@mincompwidth=\count132
Package biblatex Info: Trying to load biblatex default data model...
Package biblatex Info: ... file 'blx-dm.def' found.

(C:\Users\Javier\AppData\Roaming\MiKTeX\2.9\tex\latex\biblatex\blx-dm.def)
Package biblatex Info: Trying to load biblatex custom data model...
Package biblatex Info: ... file 'biblatex-dm.cfg' not found.
\c@afterword=\count133
\c@savedafterword=\count134
\c@annotator=\count135
\c@savedannotator=\count136
\c@author=\count137
\c@savedauthor=\count138
\c@bookauthor=\count139
\c@savedbookauthor=\count140
\c@commentator=\count141
\c@savedcommentator=\count142
\c@editor=\count143
\c@savededitor=\count144
\c@editora=\count145
\c@savededitora=\count146
\c@editorb=\count147
\c@savededitorb=\count148
\c@editorc=\count149
\c@savededitorc=\count150
\c@foreword=\count151
\c@savedforeword=\count152
\c@holder=\count153
\c@savedholder=\count154
\c@introduction=\count155
\c@savedintroduction=\count156
\c@namea=\count157
\c@savednamea=\count158
\c@nameb=\count159
\c@savednameb=\count160
\c@namec=\count161
\c@savednamec=\count162
\c@translator=\count163
\c@savedtranslator=\count164
\c@shortauthor=\count165
\c@savedshortauthor=\count166
\c@shorteditor=\count167
\c@savedshorteditor=\count168
\c@labelname=\count169
\c@savedlabelname=\count170
\c@institution=\count171
\c@savedinstitution=\count172
\c@lista=\count173
\c@savedlista=\count174
\c@listb=\count175
\c@savedlistb=\count176
\c@listc=\count177
\c@savedlistc=\count178
\c@listd=\count179
\c@savedlistd=\count180
\c@liste=\count181
\c@savedliste=\count182
\c@listf=\count183
\c@savedlistf=\count184
\c@location=\count185
\c@savedlocation=\count186
\c@organization=\count187
\c@savedorganization=\count188
\c@origlocation=\count189
\c@savedoriglocation=\count190
\c@origpublisher=\count191
\c@savedorigpublisher=\count192
\c@publisher=\count193
\c@savedpublisher=\count194
\c@language=\count195
\c@savedlanguage=\count196
\c@pageref=\count197
\c@savedpageref=\count198
\shorthandwidth=\skip51
\shortjournalwidth=\skip52
\shortserieswidth=\skip53
\shorttitlewidth=\skip54
\shortauthorwidth=\skip55
\shorteditorwidth=\skip56
Package biblatex Info: Trying to load compatibility code...
Package biblatex Info: ... file 'blx-compat.def' found.

(C:\Users\Javier\AppData\Roaming\MiKTeX\2.9\tex\latex\biblatex\blx-compat.def
File: blx-compat.def 2016/12/05 v3.7 biblatex compatibility (PK/JW/AB)
)
Package biblatex Info: Trying to load generic definitions...
Package biblatex Info: ... file 'biblatex.def' found.

(C:\Users\Javier\AppData\Roaming\MiKTeX\2.9\tex\latex\biblatex\biblatex.def
File: biblatex.def 2016/12/05 v3.7 biblatex compatibility (PK/JW/AB)
\c@textcitecount=\count199
\c@textcitetotal=\count266
\c@textcitemaxnames=\count267
\c@biburlnumpenalty=\count268
\c@biburlucpenalty=\count269
\c@biburllcpenalty=\count270
\c@smartand=\count271
)
Package biblatex Info: Trying to load bibliography style 'numeric'...
Package biblatex Info: ... file 'numeric.bbx' found.

(C:\Users\Javier\AppData\Roaming\MiKTeX\2.9\tex\latex\biblatex\bbx\numeric.bbx
File: numeric.bbx 2016/12/05 v3.7 biblatex bibliography style (PK/JW/AB)
Package biblatex Info: Trying to load bibliography style 'standard'...
Package biblatex Info: ... file 'standard.bbx' found.

(C:\Users\Javier\AppData\Roaming\MiKTeX\2.9\tex\latex\biblatex\bbx\standard.bbx
File: standard.bbx 2016/12/05 v3.7 biblatex bibliography style (PK/JW/AB)
\c@bbx:relatedcount=\count272
\c@bbx:relatedtotal=\count273
))
Package biblatex Info: Trying to load citation style 'numeric'...
Package biblatex Info: ... file 'numeric.cbx' found.

(C:\Users\Javier\AppData\Roaming\MiKTeX\2.9\tex\latex\biblatex\cbx\numeric.cbx
File: numeric.cbx 2016/12/05 v3.7 biblatex citation style (PK/JW/AB)
Package biblatex Info: Redefining '\cite'.
Package biblatex Info: Redefining '\parencite'.
Package biblatex Info: Redefining '\footcite'.
Package biblatex Info: Redefining '\footcitetext'.
Package biblatex Info: Redefining '\smartcite'.
Package biblatex Info: Redefining '\supercite'.
Package biblatex Info: Redefining '\textcite'.
Package biblatex Info: Redefining '\textcites'.
Package biblatex Info: Redefining '\cites'.
Package biblatex Info: Redefining '\parencites'.
Package biblatex Info: Redefining '\smartcites'.
)
Package biblatex Info: Trying to load configuration file...
Package biblatex Info: ... file 'biblatex.cfg' found.
(C:\Users\Javier\AppData\Roaming\MiKTeX\2.9\tex\latex\biblatex\biblatex.cfg
File: biblatex.cfg 
))
("C:\Program Files\MiKTeX 2.9\tex\latex\graphics\graphicx.sty"
Package: graphicx 2014/10/28 v1.0g Enhanced LaTeX Graphics (DPC,SPQR)

("C:\Program Files\MiKTeX 2.9\tex\latex\graphics\graphics.sty"
Package: graphics 2017/04/14 v1.1b Standard LaTeX Graphics (DPC,SPQR)

("C:\Program Files\MiKTeX 2.9\tex\latex\graphics\trig.sty"
Package: trig 2016/01/03 v1.10 sin cos tan (DPC)
)
("C:\Program Files\MiKTeX 2.9\tex\latex\graphics-cfg\graphics.cfg"
File: graphics.cfg 2016/06/04 v1.11 sample graphics configuration
)
Package graphics Info: Driver file: pdftex.def on input line 99.

("C:\Program Files\MiKTeX 2.9\tex\latex\graphics-def\pdftex.def"
File: pdftex.def 2017/01/12 v0.06k Graphics/color for pdfTeX
\Gread@gobject=\count274
))
\Gin@req@height=\dimen103
\Gin@req@width=\dimen104
)
("C:\Program Files\MiKTeX 2.9\tex\latex\float\float.sty"
Package: float 2001/11/08 v1.3d Float enhancements (AL)
\c@float@type=\count275
\float@exts=\toks15
\float@box=\box26
\@float@everytoks=\toks16
\@floatcapt=\box27
)
(C:\Users\Javier\AppData\Roaming\MiKTeX\2.9\tex\latex\caption\caption.sty
Package: caption 2016/02/21 v3.3-144 Customizing captions (AR)

(C:\Users\Javier\AppData\Roaming\MiKTeX\2.9\tex\latex\caption\caption3.sty
Package: caption3 2016/05/22 v1.7-166 caption3 kernel (AR)
Package caption3 Info: TeX engine: e-TeX on input line 67.
\captionmargin=\dimen105
\captionmargin@=\dimen106
\captionwidth=\dimen107
\caption@tempdima=\dimen108
\caption@indent=\dimen109
\caption@parindent=\dimen110
\caption@hangindent=\dimen111
)
\c@ContinuedFloat=\count276
Package caption Info: float package is loaded.
)
(C:\Users\Javier\AppData\Roaming\MiKTeX\2.9\tex\latex\caption\subcaption.sty
Package: subcaption 2016/05/22 v1.1-161 Sub-captions (AR)
\c@subfigure=\count277
\c@subtable=\count278
)
("C:\Program Files\MiKTeX 2.9\tex\latex\graphics\rotating.sty"
Package: rotating 2016/08/11 v2.16d rotated objects in LaTeX
\c@r@tfl@t=\count279
\rotFPtop=\skip57
\rotFPbot=\skip58
\rot@float@box=\box28
\rot@mess@toks=\toks17
)
(C:\Users\Javier\AppData\Roaming\MiKTeX\2.9\tex\latex\listings\listings.sty
\lst@mode=\count280
\lst@gtempboxa=\box29
\lst@token=\toks18
\lst@length=\count281
\lst@currlwidth=\dimen112
\lst@column=\count282
\lst@pos=\count283
\lst@lostspace=\dimen113
\lst@width=\dimen114
\lst@newlines=\count284
\lst@lineno=\count285
\lst@maxwidth=\dimen115

(C:\Users\Javier\AppData\Roaming\MiKTeX\2.9\tex\latex\listings\lstmisc.sty
File: lstmisc.sty 2015/06/04 1.6 (Carsten Heinz)
\c@lstnumber=\count286
\lst@skipnumbers=\count287
\lst@framebox=\box30
)
(C:\Users\Javier\AppData\Roaming\MiKTeX\2.9\tex\latex\listings\listings.cfg
File: listings.cfg 2015/06/04 1.6 listings configuration
))
Package: listings 2015/06/04 1.6 (Carsten Heinz)

(C:\Users\Javier\AppData\Roaming\MiKTeX\2.9\tex\latex\pdfpages\pdfpages.sty
Package: pdfpages 2017/01/14 v0.5h Insert pages of external PDF documents (AM)

("C:\Program Files\MiKTeX 2.9\tex\latex\tools\calc.sty"
Package: calc 2014/10/28 v4.3 Infix arithmetic (KKT,FJ)
\calc@Acount=\count288
\calc@Bcount=\count289
\calc@Adimen=\dimen116
\calc@Bdimen=\dimen117
\calc@Askip=\skip59
\calc@Bskip=\skip60
LaTeX Info: Redefining \setlength on input line 80.
LaTeX Info: Redefining \addtolength on input line 81.
\calc@Ccount=\count290
\calc@Cskip=\skip61
)
(C:\Users\Javier\AppData\Roaming\MiKTeX\2.9\tex\latex\eso-pic\eso-pic.sty
Package: eso-pic 2015/07/21 v2.0g eso-pic (RN)

("C:\Program Files\MiKTeX 2.9\tex\generic\oberdiek\atbegshi.sty"
Package: atbegshi 2016/06/09 v1.18 At begin shipout hook (HO)
)
(C:\Users\Javier\AppData\Roaming\MiKTeX\2.9\tex\latex\xcolor\xcolor.sty
Package: xcolor 2016/05/11 v2.12 LaTeX color extensions (UK)

("C:\Program Files\MiKTeX 2.9\tex\latex\graphics-cfg\color.cfg"
File: color.cfg 2016/01/02 v1.6 sample color configuration
)
Package xcolor Info: Driver file: pdftex.def on input line 225.
Package xcolor Info: Model `cmy' substituted by `cmy0' on input line 1348.
Package xcolor Info: Model `hsb' substituted by `rgb' on input line 1352.
Package xcolor Info: Model `RGB' extended on input line 1364.
Package xcolor Info: Model `HTML' substituted by `rgb' on input line 1366.
Package xcolor Info: Model `Hsb' substituted by `hsb' on input line 1367.
Package xcolor Info: Model `tHsb' substituted by `hsb' on input line 1368.
Package xcolor Info: Model `HSB' substituted by `hsb' on input line 1369.
Package xcolor Info: Model `Gray' substituted by `gray' on input line 1370.
Package xcolor Info: Model `wave' substituted by `hsb' on input line 1371.
))
\AM@pagewidth=\dimen118
\AM@pageheight=\dimen119

(C:\Users\Javier\AppData\Roaming\MiKTeX\2.9\tex\latex\pdfpages\pppdftex.def
File: pppdftex.def 2017/01/14 v0.5h Pdfpages driver for pdfTeX (AM)
)
\AM@pagebox=\box31
\AM@global@opts=\toks19
\AM@toc@title=\toks20
\c@AM@survey=\count291
\AM@templatesizebox=\box32
)
("C:\Program Files\MiKTeX 2.9\tex\generic\babel\babel.sty"
Package: babel 2016/04/23 3.9r The Babel package

*************************************
* Local config file bblopts.cfg used
*
(C:\Users\Javier\AppData\Roaming\MiKTeX\2.9\tex\latex\arabi\bblopts.cfg
File: bblopts.cfg 2005/09/08 v0.1 add Arabic and Farsi to "declared" options of
 babel
)
("C:\Program Files\MiKTeX 2.9\tex\latex\babel-spanish\spanish.ldf"
Language: spanish.ldf 2016/03/03 v5.0p Spanish support from the babel system

("C:\Program Files\MiKTeX 2.9\tex\generic\babel\babel.def"
File: babel.def 2016/04/23 3.9r Babel common definitions
\babel@savecnt=\count292
\U@D=\dimen120
)
\es@quottoks=\toks21
\es@quotdepth=\count293
Package babel Info: Making " an active character on input line 561.
Package babel Info: Making . an active character on input line 662.
Package babel Info: Making < an active character on input line 707.
Package babel Info: Making > an active character on input line 707.
)) (header.tex
(fancyhdr.sty
\fancy@headwidth=\skip62
\f@ncyO@elh=\skip63
\f@ncyO@erh=\skip64
\f@ncyO@olh=\skip65
\f@ncyO@orh=\skip66
\f@ncyO@elf=\skip67
\f@ncyO@erf=\skip68
\f@ncyO@olf=\skip69
\f@ncyO@orf=\skip70
) ("C:\Program Files\MiKTeX 2.9\tex\latex\amsfonts\amsfonts.sty"
Package: amsfonts 2013/01/14 v3.01 Basic AMSFonts support
\@emptytoks=\toks22
\symAMSa=\mathgroup4
\symAMSb=\mathgroup5
LaTeX Font Info:    Overwriting math alphabet `\mathfrak' in version `bold'
(Font)                  U/euf/m/n --> U/euf/b/n on input line 106.
)
("C:\Program Files\MiKTeX 2.9\tex\latex\amsfonts\amssymb.sty"
Package: amssymb 2013/01/14 v3.01 AMS font symbols
)
("C:\Program Files\MiKTeX 2.9\tex\latex\amsmath\amsmath.sty"
Package: amsmath 2016/11/05 v2.16a AMS math features
\@mathmargin=\skip71

For additional information on amsmath, use the `?' option.
("C:\Program Files\MiKTeX 2.9\tex\latex\amsmath\amstext.sty"
Package: amstext 2000/06/29 v2.01 AMS text

("C:\Program Files\MiKTeX 2.9\tex\latex\amsmath\amsgen.sty"
File: amsgen.sty 1999/11/30 v2.0 generic functions
\@emptytoks=\toks23
\ex@=\dimen121
))
("C:\Program Files\MiKTeX 2.9\tex\latex\amsmath\amsbsy.sty"
Package: amsbsy 1999/11/29 v1.2d Bold Symbols
\pmbraise@=\dimen122
)
("C:\Program Files\MiKTeX 2.9\tex\latex\amsmath\amsopn.sty"
Package: amsopn 2016/03/08 v2.02 operator names
)
\inf@bad=\count294
LaTeX Info: Redefining \frac on input line 213.
\uproot@=\count295
\leftroot@=\count296
LaTeX Info: Redefining \overline on input line 375.
\classnum@=\count297
\DOTSCASE@=\count298
LaTeX Info: Redefining \ldots on input line 472.
LaTeX Info: Redefining \dots on input line 475.
LaTeX Info: Redefining \cdots on input line 596.
\Mathstrutbox@=\box33
\strutbox@=\box34
\big@size=\dimen123
LaTeX Font Info:    Redeclaring font encoding OML on input line 712.
LaTeX Font Info:    Redeclaring font encoding OMS on input line 713.
\macc@depth=\count299
\c@MaxMatrixCols=\count300
\dotsspace@=\muskip11
\c@parentequation=\count301
\dspbrk@lvl=\count302
\tag@help=\toks24
\row@=\count303
\column@=\count304
\maxfields@=\count305
\andhelp@=\toks25
\eqnshift@=\dimen124
\alignsep@=\dimen125
\tagshift@=\dimen126
\tagwidth@=\dimen127
\totwidth@=\dimen128
\lineht@=\dimen129
\@envbody=\toks26
\multlinegap=\skip72
\multlinetaggap=\skip73
\mathdisplay@stack=\toks27
LaTeX Info: Redefining \[ on input line 2817.
LaTeX Info: Redefining \] on input line 2818.
)
("C:\Program Files\MiKTeX 2.9\tex\latex\jknappen\sans.sty")
("C:\Program Files\MiKTeX 2.9\tex\latex\base\inputenc.sty"
Package: inputenc 2015/03/17 v1.2c Input encoding file
\inpenc@prehook=\toks28
\inpenc@posthook=\toks29

("C:\Program Files\MiKTeX 2.9\tex\latex\base\latin1.def"
File: latin1.def 2015/03/17 v1.2c Input encoding file
))
("C:\Program Files\MiKTeX 2.9\tex\latex\hyperref\hyperref.sty"
Package: hyperref 2017/03/14 v6.85a Hypertext links for LaTeX

("C:\Program Files\MiKTeX 2.9\tex\generic\oberdiek\hobsub-hyperref.sty"
Package: hobsub-hyperref 2016/05/16 v1.14 Bundle oberdiek, subset hyperref (HO)


("C:\Program Files\MiKTeX 2.9\tex\generic\oberdiek\hobsub-generic.sty"
Package: hobsub-generic 2016/05/16 v1.14 Bundle oberdiek, subset generic (HO)
Package: hobsub 2016/05/16 v1.14 Construct package bundles (HO)
Package hobsub Info: Skipping package `infwarerr' (already loaded).
Package hobsub Info: Skipping package `ltxcmds' (already loaded).
Package hobsub Info: Skipping package `ifluatex' (already loaded).
Package: ifvtex 2016/05/16 v1.6 Detect VTeX and its facilities (HO)
Package ifvtex Info: VTeX not detected.
Package: intcalc 2016/05/16 v1.2 Expandable calculations with integers (HO)
Package hobsub Info: Skipping package `ifpdf' (already loaded).
Package hobsub Info: Skipping package `etexcmds' (already loaded).
Package hobsub Info: Skipping package `kvsetkeys' (already loaded).
Package: kvdefinekeys 2016/05/16 v1.4 Define keys (HO)
Package hobsub Info: Skipping package `pdftexcmds' (already loaded).
Package: pdfescape 2016/05/16 v1.14 Implements pdfTeX's escape features (HO)
Package: bigintcalc 2016/05/16 v1.4 Expandable calculations on big integers (HO
)
Package: bitset 2016/05/16 v1.2 Handle bit-vector datatype (HO)
Package: uniquecounter 2016/05/16 v1.3 Provide unlimited unique counter (HO)
)
Package hobsub Info: Skipping package `hobsub' (already loaded).
Package: letltxmacro 2016/05/16 v1.5 Let assignment for LaTeX macros (HO)
Package: hopatch 2016/05/16 v1.3 Wrapper for package hooks (HO)
Package: xcolor-patch 2016/05/16 xcolor patch
Package: atveryend 2016/05/16 v1.9 Hooks at the very end of document (HO)
Package hobsub Info: Skipping package `atbegshi' (already loaded).
Package: refcount 2016/05/16 v3.5 Data extraction from label references (HO)
Package: hycolor 2016/05/16 v1.8 Color options for hyperref/bookmark (HO)
)
("C:\Program Files\MiKTeX 2.9\tex\generic\ifxetex\ifxetex.sty"
Package: ifxetex 2010/09/12 v0.6 Provides ifxetex conditional
)
("C:\Program Files\MiKTeX 2.9\tex\latex\oberdiek\auxhook.sty"
Package: auxhook 2016/05/16 v1.4 Hooks for auxiliary files (HO)
)
\@linkdim=\dimen130
\Hy@linkcounter=\count306
\Hy@pagecounter=\count307

("C:\Program Files\MiKTeX 2.9\tex\latex\hyperref\pd1enc.def"
File: pd1enc.def 2017/03/14 v6.85a Hyperref: PDFDocEncoding definition (HO)
)
\Hy@SavedSpaceFactor=\count308

("C:\Program Files\MiKTeX 2.9\tex\latex\00miktex\hyperref.cfg"
File: hyperref.cfg 2002/06/06 v1.2 hyperref configuration of TeXLive
)
Package hyperref Info: Hyper figures OFF on input line 4498.
Package hyperref Info: Link nesting OFF on input line 4503.
Package hyperref Info: Hyper index ON on input line 4506.
Package hyperref Info: Plain pages OFF on input line 4513.
Package hyperref Info: Backreferencing OFF on input line 4518.
Package hyperref Info: Implicit mode ON; LaTeX internals redefined.
Package hyperref Info: Bookmarks ON on input line 4751.
\c@Hy@tempcnt=\count309
LaTeX Info: Redefining \url on input line 5104.
\XeTeXLinkMargin=\dimen131
\Fld@menulength=\count310
\Field@Width=\dimen132
\Fld@charsize=\dimen133
Package hyperref Info: Hyper figures OFF on input line 6358.
Package hyperref Info: Link nesting OFF on input line 6363.
Package hyperref Info: Hyper index ON on input line 6366.
Package hyperref Info: backreferencing OFF on input line 6373.
Package hyperref Info: Link coloring OFF on input line 6378.
Package hyperref Info: Link coloring with OCG OFF on input line 6383.
Package hyperref Info: PDF/A mode OFF on input line 6388.
LaTeX Info: Redefining \ref on input line 6428.
LaTeX Info: Redefining \pageref on input line 6432.
\Hy@abspage=\count311
\c@Item=\count312
\c@Hfootnote=\count313
)

Package hyperref Message: Driver (autodetected): hpdftex.

("C:\Program Files\MiKTeX 2.9\tex\latex\hyperref\hpdftex.def"
File: hpdftex.def 2017/03/14 v6.85a Hyperref driver for pdfTeX
\Fld@listcount=\count314
\c@bookmark@seq@number=\count315

("C:\Program Files\MiKTeX 2.9\tex\latex\oberdiek\rerunfilecheck.sty"
Package: rerunfilecheck 2016/05/16 v1.8 Rerun checks for auxiliary files (HO)
Package uniquecounter Info: New unique counter `rerunfilecheck' on input line 2
82.
)
\Hy@SectionHShift=\skip74
)
Package hyperref Info: Option `pdffitwindow' set `false' on input line 30.
Package hyperref Info: Option `pdfnewwindow' set `true' on input line 30.
Package hyperref Info: Option `colorlinks' set `true' on input line 30.
\c@total=\count316
\c@examplecounter=\count317
)
Package biblatex Info: Trying to load language 'spanish'...
Package biblatex Info: ... file 'spanish.lbx' found.

(C:\Users\Javier\AppData\Roaming\MiKTeX\2.9\tex\latex\biblatex\lbx\spanish.lbx
File: spanish.lbx 2016/12/05 v3.7 biblatex localization (PK/JW/AB)
)

Package biblatex Warning: 'babel/polyglossia' detected but 'csquotes' missing.
(biblatex)                Loading 'csquotes' recommended.

\@quotelevel=\count318
\@quotereset=\count319
(at.aux
LaTeX Info: Redefining \sptext on input line 32.
LaTeX Info: Redefining \. on input line 32.
LaTeX Info: Redefining \% on input line 32.
)
\openout1 = `at.aux'.

LaTeX Font Info:    Checking defaults for OML/cmm/m/it on input line 44.
LaTeX Font Info:    ... okay on input line 44.
LaTeX Font Info:    Checking defaults for T1/cmr/m/n on input line 44.
LaTeX Font Info:    ... okay on input line 44.
LaTeX Font Info:    Checking defaults for OT1/cmr/m/n on input line 44.
LaTeX Font Info:    ... okay on input line 44.
LaTeX Font Info:    Checking defaults for OMS/cmsy/m/n on input line 44.
LaTeX Font Info:    ... okay on input line 44.
LaTeX Font Info:    Checking defaults for OMX/cmex/m/n on input line 44.
LaTeX Font Info:    ... okay on input line 44.
LaTeX Font Info:    Checking defaults for U/cmr/m/n on input line 44.
LaTeX Font Info:    ... okay on input line 44.
LaTeX Font Info:    Checking defaults for PD1/pdf/m/n on input line 44.
LaTeX Font Info:    ... okay on input line 44.
Package biblatex Info: Input encoding 'latin1' detected.
Package biblatex Info: Automatic encoding selection.
(biblatex)             Assuming data encoding 'latin1'.
\openout4 = `at.bcf'.

Package biblatex Info: Trying to load bibliographic data...
Package biblatex Info: ... file 'at.bbl' found.
 (at.bbl)
Package biblatex Info: Reference section=0 on input line 44.
Package biblatex Info: Reference segment=0 on input line 44.

(C:\Users\Javier\AppData\Roaming\MiKTeX\2.9\tex\context\base\supp-pdf.mkii
[Loading MPS to PDF converter (version 2006.09.02).]
\scratchcounter=\count320
\scratchdimen=\dimen134
\scratchbox=\box35
\nofMPsegments=\count321
\nofMParguments=\count322
\everyMPshowfont=\toks30
\MPscratchCnt=\count323
\MPscratchDim=\dimen135
\MPnumerator=\count324
\makeMPintoPDFobject=\count325
\everyMPtoPDFconversion=\toks31
) ("C:\Program Files\MiKTeX 2.9\tex\latex\oberdiek\epstopdf-base.sty"
Package: epstopdf-base 2016/05/15 v2.6 Base part for package epstopdf

("C:\Program Files\MiKTeX 2.9\tex\latex\oberdiek\grfext.sty"
Package: grfext 2016/05/16 v1.2 Manage graphics extensions (HO)
)
Package epstopdf-base Info: Redefining graphics rule for `.eps' on input line 4
38.
Package grfext Info: Graphics extension search list:
(grfext)             [.png,.pdf,.jpg,.mps,.jpeg,.jbig2,.jb2,.PNG,.PDF,.JPG,.JPE
G,.JBIG2,.JB2,.eps]
(grfext)             \AppendGraphicsExtensions on input line 456.
)
Package caption Info: Begin \AtBeginDocument code.
Package caption Info: hyperref package is loaded.
Package caption Info: listings package is loaded.
Package caption Info: rotating package is loaded.
Package caption Info: End \AtBeginDocument code.
\c@lstlisting=\count326
\AtBeginShipoutBox=\box36

("C:\Program Files\MiKTeX 2.9\tex\latex\oberdiek\pdflscape.sty"
Package: pdflscape 2016/05/14 v0.11 Display of landscape pages in PDF (HO)

("C:\Program Files\MiKTeX 2.9\tex\latex\graphics\lscape.sty"
Package: lscape 2000/10/22 v3.01 Landscape Pages (DPC)
)
Package pdflscape Info: Auto-detected driver: pdftex on input line 81.
)
LaTeX Info: Redefining \sptext on input line 44.
LaTeX Info: Redefining \. on input line 44.
LaTeX Info: Redefining \% on input line 44.
Package hyperref Info: Link coloring ON on input line 44.

("C:\Program Files\MiKTeX 2.9\tex\latex\hyperref\nameref.sty"
Package: nameref 2016/05/21 v2.44 Cross-referencing by name of section

("C:\Program Files\MiKTeX 2.9\tex\generic\oberdiek\gettitlestring.sty"
Package: gettitlestring 2016/05/16 v1.5 Cleanup title references (HO)
)
\c@section@level=\count327
)
LaTeX Info: Redefining \ref on input line 44.
LaTeX Info: Redefining \pageref on input line 44.
LaTeX Info: Redefining \nameref on input line 44.

(at.out) (at.out)
\@outlinefile=\write5
\openout5 = `at.out'.

LaTeX Font Info:    Try loading font information for U+msa on input line 52.
 ("C:\Program Files\MiKTeX 2.9\tex\latex\amsfonts\umsa.fd"
File: umsa.fd 2013/01/14 v3.01 AMS symbols A
)
LaTeX Font Info:    Try loading font information for U+msb on input line 52.

("C:\Program Files\MiKTeX 2.9\tex\latex\amsfonts\umsb.fd"
File: umsb.fd 2013/01/14 v3.01 AMS symbols B
)

LaTeX Font Warning: Font shape `OT1/cmss/m/it' in size <10.95> not available
(Font)              Font shape `OT1/cmss/m/sl' tried instead on input line 53.


LaTeX Font Warning: Font shape `OT1/cmss/m/it' in size <10> not available
(Font)              Font shape `OT1/cmss/m/sl' tried instead on input line 54.

Package babel Info: Redefining spanish shorthand <<
(babel)             in language  on input line 68.
Package babel Info: Redefining spanish shorthand >>
(babel)             in language  on input line 68.
Package babel Info: Redefining spanish shorthand "=
(babel)             in language  on input line 68.
Package babel Info: Redefining spanish shorthand "~
(babel)             in language  on input line 68.
Package babel Info: Redefining spanish shorthand "!
(babel)             in language  on input line 68.
Package babel Info: Redefining spanish shorthand "?
(babel)             in language  on input line 68.
Package babel Info: Redefining spanish shorthand <<
(babel)             in language  on input line 70.
Package babel Info: Redefining spanish shorthand >>
(babel)             in language  on input line 70.
Package babel Info: Redefining spanish shorthand "=
(babel)             in language  on input line 70.
Package babel Info: Redefining spanish shorthand "~
(babel)             in language  on input line 70.
Package babel Info: Redefining spanish shorthand "!
(babel)             in language  on input line 70.
Package babel Info: Redefining spanish shorthand "?
(babel)             in language  on input line 70.
Package babel Info: Redefining spanish shorthand <<
(babel)             in language  on input line 84.
Package babel Info: Redefining spanish shorthand >>
(babel)             in language  on input line 84.
Package babel Info: Redefining spanish shorthand "=
(babel)             in language  on input line 84.
Package babel Info: Redefining spanish shorthand "~
(babel)             in language  on input line 84.
Package babel Info: Redefining spanish shorthand "!
(babel)             in language  on input line 84.
Package babel Info: Redefining spanish shorthand "?
(babel)             in language  on input line 84.
LaTeX Font Info:    Try loading font information for OMS+cmss on input line 89.

LaTeX Font Info:    No file OMScmss.fd. on input line 89.

LaTeX Font Warning: Font shape `OMS/cmss/m/n' undefined
(Font)              using `OMS/cmsy/m/n' instead
(Font)              for symbol `textasteriskcentered' on input line 89.

Package babel Info: Redefining spanish shorthand <<
(babel)             in language  on input line 95.
Package babel Info: Redefining spanish shorthand >>
(babel)             in language  on input line 95.
Package babel Info: Redefining spanish shorthand "=
(babel)             in language  on input line 95.
Package babel Info: Redefining spanish shorthand "~
(babel)             in language  on input line 95.
Package babel Info: Redefining spanish shorthand "!
(babel)             in language  on input line 95.
Package babel Info: Redefining spanish shorthand "?
(babel)             in language  on input line 95.

LaTeX Font Warning: Font shape `OT1/cmss/m/sc' in size <9> not available
(Font)              Font shape `OT1/cmr/m/sc' tried instead on input line 97.

! Undefined control sequence.
\f@ncyolh ...tesize \sc \coursename \ \authorname 
                                                  \\ \deptname \\ \orgname \...
l.97 
     
The control sequence at the end of the top line
of your error message was never \def'ed. If you have
misspelled it (e.g., `\hobx'), type `I' and the correct
spelling (e.g., `I\hbox'). Otherwise just continue,
and I'll forget about whatever was undefined.

Package babel Info: Redefining spanish shorthand <<
(babel)             in language  on input line 97.
Package babel Info: Redefining spanish shorthand >>
(babel)             in language  on input line 97.
Package babel Info: Redefining spanish shorthand "=
(babel)             in language  on input line 97.
Package babel Info: Redefining spanish shorthand "~
(babel)             in language  on input line 97.
Package babel Info: Redefining spanish shorthand "!
(babel)             in language  on input line 97.
Package babel Info: Redefining spanish shorthand "?
(babel)             in language  on input line 97.
Package babel Info: Redefining spanish shorthand <<
(babel)             in language  on input line 97.
Package babel Info: Redefining spanish shorthand >>
(babel)             in language  on input line 97.
Package babel Info: Redefining spanish shorthand "=
(babel)             in language  on input line 97.
Package babel Info: Redefining spanish shorthand "~
(babel)             in language  on input line 97.
Package babel Info: Redefining spanish shorthand "!
(babel)             in language  on input line 97.
Package babel Info: Redefining spanish shorthand "?
(babel)             in language  on input line 97.
[1{C:/Users/Javier/AppData/Local/MiKTeX/2.9/pdftex/config/pdftex.map}

]
<diagram.pdf, id=39, 1310.8975pt x 1242.6425pt>
File: diagram.pdf Graphic file (type pdf)
 <use diagram.pdf>
Package pdftex.def Info: diagram.pdf used on input line 111.
(pdftex.def)             Requested size: 1310.89432pt x 1242.63948pt.
File: diagram.pdf Graphic file (type pdf)

<use diagram.pdf>
Package pdftex.def Info: diagram.pdf used on input line 111.
(pdftex.def)             Requested size: 1310.89432pt x 1242.63948pt.
 <diagram.pdf, id=42, page=1, 1310.8975pt x 1242.6425pt>
File: diagram.pdf Graphic file (type pdf)

<use diagram.pdf, page 1>
Package pdftex.def Info: diagram.pdf, page1 used on input line 111.
(pdftex.def)             Requested size: 1310.89432pt x 1242.63948pt.
File: diagram.pdf Graphic file (type pdf)
 <use diagram.pdf, page 1>
Package pdftex.def Info: diagram.pdf, page1 used on input line 111.
(pdftex.def)             Requested size: 1048.71945pt x 994.11537pt.

! Undefined control sequence.
\f@ncyelh ...tesize \sc \coursename \ \authorname 
                                                  \\ \deptname \\ \orgname \...
l.111 ...ama de flujo simplificado}}]{diagram.pdf}
                                                  
The control sequence at the end of the top line
of your error message was never \def'ed. If you have
misspelled it (e.g., `\hobx'), type `I' and the correct
spelling (e.g., `I\hbox'). Otherwise just continue,
and I'll forget about whatever was undefined.


LaTeX Font Warning: Font shape `OT1/cmss/m/sc' in size <10.95> not available
(Font)              Font shape `OT1/cmr/m/sc' tried instead on input line 111.

Package babel Info: Redefining spanish shorthand <<
(babel)             in language  on input line 111.
Package babel Info: Redefining spanish shorthand >>
(babel)             in language  on input line 111.
Package babel Info: Redefining spanish shorthand "=
(babel)             in language  on input line 111.
Package babel Info: Redefining spanish shorthand "~
(babel)             in language  on input line 111.
Package babel Info: Redefining spanish shorthand "!
(babel)             in language  on input line 111.
Package babel Info: Redefining spanish shorthand "?
(babel)             in language  on input line 111.
Package babel Info: Redefining spanish shorthand <<
(babel)             in language  on input line 111.
Package babel Info: Redefining spanish shorthand >>
(babel)             in language  on input line 111.
Package babel Info: Redefining spanish shorthand "=
(babel)             in language  on input line 111.
Package babel Info: Redefining spanish shorthand "~
(babel)             in language  on input line 111.
Package babel Info: Redefining spanish shorthand "!
(babel)             in language  on input line 111.
Package babel Info: Redefining spanish shorthand "?
(babel)             in language  on input line 111.
[2]
File: diagram.pdf Graphic file (type pdf)
 <use diagram.pdf, page 1>
Package pdftex.def Info: diagram.pdf, page1 used on input line 111.
(pdftex.def)             Requested size: 1048.71945pt x 994.11537pt.
File: diagram.pdf Graphic file (type pdf)
 <use diagram.pdf, page 1>
Package pdftex.def Info: diagram.pdf, page1 used on input line 111.
(pdftex.def)             Requested size: 1048.71945pt x 994.11537pt.


Package caption Warning: The option `hypcap=true' will be ignored for this
(caption)                particular \caption on input line 111.
See the caption package documentation for explanation.

! Undefined control sequence.
\f@ncyolh ...tesize \sc \coursename \ \authorname 
                                                  \\ \deptname \\ \orgname \...
l.111 ...ama de flujo simplificado}}]{diagram.pdf}
                                                  
The control sequence at the end of the top line
of your error message was never \def'ed. If you have
misspelled it (e.g., `\hobx'), type `I' and the correct
spelling (e.g., `I\hbox'). Otherwise just continue,
and I'll forget about whatever was undefined.

File: diagram.pdf Graphic file (type pdf)
<use diagram.pdf, page 1>
Package pdftex.def Info: diagram.pdf, page1 used on input line 111.
(pdftex.def)             Requested size: 1048.71945pt x 994.11537pt.
Package babel Info: Redefining spanish shorthand <<
(babel)             in language  on input line 111.
Package babel Info: Redefining spanish shorthand >>
(babel)             in language  on input line 111.
Package babel Info: Redefining spanish shorthand "=
(babel)             in language  on input line 111.
Package babel Info: Redefining spanish shorthand "~
(babel)             in language  on input line 111.
Package babel Info: Redefining spanish shorthand "!
(babel)             in language  on input line 111.
Package babel Info: Redefining spanish shorthand "?
(babel)             in language  on input line 111.
Package babel Info: Redefining spanish shorthand <<
(babel)             in language  on input line 111.
Package babel Info: Redefining spanish shorthand >>
(babel)             in language  on input line 111.
Package babel Info: Redefining spanish shorthand "=
(babel)             in language  on input line 111.
Package babel Info: Redefining spanish shorthand "~
(babel)             in language  on input line 111.
Package babel Info: Redefining spanish shorthand "!
(babel)             in language  on input line 111.
Package babel Info: Redefining spanish shorthand "?
(babel)             in language  on input line 111.
 [3 <./diagram.pdf>]
! Undefined control sequence.
\f@ncyelh ...tesize \sc \coursename \ \authorname 
                                                  \\ \deptname \\ \orgname \...
l.118 
      
The control sequence at the end of the top line
of your error message was never \def'ed. If you have
misspelled it (e.g., `\hobx'), type `I' and the correct
spelling (e.g., `I\hbox'). Otherwise just continue,
and I'll forget about whatever was undefined.

Package babel Info: Redefining spanish shorthand <<
(babel)             in language  on input line 117.
Package babel Info: Redefining spanish shorthand >>
(babel)             in language  on input line 117.
Package babel Info: Redefining spanish shorthand "=
(babel)             in language  on input line 117.
Package babel Info: Redefining spanish shorthand "~
(babel)             in language  on input line 117.
Package babel Info: Redefining spanish shorthand "!
(babel)             in language  on input line 117.
Package babel Info: Redefining spanish shorthand "?
(babel)             in language  on input line 117.
Package babel Info: Redefining spanish shorthand <<
(babel)             in language  on input line 117.
Package babel Info: Redefining spanish shorthand >>
(babel)             in language  on input line 117.
Package babel Info: Redefining spanish shorthand "=
(babel)             in language  on input line 117.
Package babel Info: Redefining spanish shorthand "~
(babel)             in language  on input line 117.
Package babel Info: Redefining spanish shorthand "!
(babel)             in language  on input line 117.
Package babel Info: Redefining spanish shorthand "?
(babel)             in language  on input line 117.
[4]
! Misplaced alignment tab character &.
<argument> Advances in Robotics &
                                  Automation
l.118 
      
I can't figure out why you would want to use a tab mark
here. If you just want an ampersand, the remedy is
simple: Just type `I\&' now. But if some right brace
up above has ended a previous alignment prematurely,
you're probably due for more error messages, and you
might try typing `S' now just to see what is salvageable.

! Misplaced alignment tab character &.
\namepartfamily ...amedelimb Wiley\bibnamedelimb &
                                                  \bibnamedelima Sons
l.118 
      
I can't figure out why you would want to use a tab mark
here. If you just want an ampersand, the remedy is
simple: Just type `I\&' now. But if some right brace
up above has ended a previous alignment prematurely,
you're probably due for more error messages, and you
might try typing `S' now just to see what is salvageable.

Package atveryend Info: Empty hook `BeforeClearDocument' on input line 119.
! Undefined control sequence.
\f@ncyolh ...tesize \sc \coursename \ \authorname 
                                                  \\ \deptname \\ \orgname \...
l.119 \end{document}
                    
The control sequence at the end of the top line
of your error message was never \def'ed. If you have
misspelled it (e.g., `\hobx'), type `I' and the correct
spelling (e.g., `I\hbox'). Otherwise just continue,
and I'll forget about whatever was undefined.

Package babel Info: Redefining spanish shorthand <<
(babel)             in language  on input line 119.
Package babel Info: Redefining spanish shorthand >>
(babel)             in language  on input line 119.
Package babel Info: Redefining spanish shorthand "=
(babel)             in language  on input line 119.
Package babel Info: Redefining spanish shorthand "~
(babel)             in language  on input line 119.
Package babel Info: Redefining spanish shorthand "!
(babel)             in language  on input line 119.
Package babel Info: Redefining spanish shorthand "?
(babel)             in language  on input line 119.
Package babel Info: Redefining spanish shorthand <<
(babel)             in language  on input line 119.
Package babel Info: Redefining spanish shorthand >>
(babel)             in language  on input line 119.
Package babel Info: Redefining spanish shorthand "=
(babel)             in language  on input line 119.
Package babel Info: Redefining spanish shorthand "~
(babel)             in language  on input line 119.
Package babel Info: Redefining spanish shorthand "!
(babel)             in language  on input line 119.
Package babel Info: Redefining spanish shorthand "?
(babel)             in language  on input line 119.
[5

]
Package atveryend Info: Empty hook `AfterLastShipout' on input line 119.
 (at.aux
LaTeX Info: Redefining \sptext on input line 32.
LaTeX Info: Redefining \. on input line 32.
LaTeX Info: Redefining \% on input line 32.
)
Package atveryend Info: Executing hook `AtVeryEndDocument' on input line 119.
Package atveryend Info: Executing hook `AtEndAfterFileList' on input line 119.
Package rerunfilecheck Info: File `at.out' has not changed.
(rerunfilecheck)             Checksum: B257BEA62AE5195786F21EFE5ED77195;288.


LaTeX Font Warning: Some font shapes were not available, defaults substituted.

Package logreq Info: Writing requests to 'at.run.xml'.
\openout1 = `at.run.xml'.

 ) 
Here is how much of TeX's memory you used:
 17211 strings out of 493328
 273352 string characters out of 3139121
 734007 words of memory out of 3000000
 20511 multiletter control sequences out of 15000+200000
 14313 words of font info for 54 fonts, out of 3000000 for 9000
 1141 hyphenation exceptions out of 8191
 45i,19n,46p,814b,1665s stack positions out of 5000i,500n,10000p,200000b,50000s
<C:/Program Files/MiKTeX 2.9/fonts/type1/public/amsfonts/cm/cmcsc10.pfb><C:/P
rogram Files/MiKTeX 2.9/fonts/type1/public/amsfonts/cm/cmex10.pfb><C:/Program F
iles/MiKTeX 2.9/fonts/type1/public/amsfonts/cm/cmmi10.pfb><C:/Program Files/MiK
TeX 2.9/fonts/type1/public/amsfonts/cm/cmmi8.pfb><C:/Program Files/MiKTeX 2.9/f
onts/type1/public/amsfonts/cm/cmr10.pfb><C:/Program Files/MiKTeX 2.9/fonts/type
1/public/amsfonts/cm/cmr8.pfb><C:/Program Files/MiKTeX 2.9/fonts/type1/public/a
msfonts/cm/cmss10.pfb><C:/Program Files/MiKTeX 2.9/fonts/type1/public/amsfonts/
cm/cmssbx10.pfb><C:/Program Files/MiKTeX 2.9/fonts/type1/public/amsfonts/cm/cms
si10.pfb><C:/Program Files/MiKTeX 2.9/fonts/type1/public/amsfonts/cm/cmsy10.pfb
>
Output written on at.pdf (5 pages, 292023 bytes).
PDF statistics:
 104 PDF objects out of 1000 (max. 8388607)
 18 named destinations out of 1000 (max. 500000)
 53 words of extra memory for PDF output out of 10000 (max. 10000000)

